Buildfile: /global/u1/j/jcarlson/src/intermine/phytomine-load/integrate/build.xml

-init-project:

-pre-pre-init:

library.-pre-init:

-pre-init:

init:

-pre-init-deps:

library.-init-deps:
[dependencies] ---- Dependency build order:-----------------------
[dependencies]  intermine/objectstore/main
[dependencies]  intermine/integrate/model/fulldata
[dependencies]  intermine/integrate/main
[dependencies]  intermine/api/model/userprofile
[dependencies]  intermine/pathquery/main
[dependencies]  intermine/webservice/client/main
[dependencies]  intermine/api/main
[dependencies]  bio/core/main
[dependencies]  phytomine/dbmodel
[dependencies] ---------------------------------------------------
[dependencies] Fri Jan 31 11:46:35 PST 2014
[dependencies] Executing "jar" for source "intermine/objectstore/main"  in directory: /global/u1/j/jcarlson/src/intermine/imbuild/../intermine/objectstore/main

-init-project:

-pre-pre-init:

-pre-init:

init:

-pre-init-deps:

-init-deps:

-init-compile:

-init-generate:

-pre-generate:

do-generate:

-post-generate:

generate:

-pre-compile:

-init-macrodef-javac:

do-compile-with-gen-src:

do-compile-without-gen-src:

do-compile:

-post-compile:

compile:

-init-jar:

-pre-jar:

-init-presetdef-jar:

do-jar:

-post-jar:

jar:
[dependencies] Fri Jan 31 11:46:36 PST 2014
[dependencies] Executing "jar" for source "intermine/integrate/model/fulldata"  in directory: /global/u1/j/jcarlson/src/intermine/imbuild/../intermine/integrate/model/fulldata

-init-project:

-pre-pre-init:

library.-pre-init:

-pre-init:

init:

-pre-init-deps:

-init-deps:

-init-compile:

library.-init-generate:

-pre-define-task-classpath:
   [delete] Deleting directory /global/u1/j/jcarlson/src/intermine/intermine/integrate/model/fulldata/build/tmp
    [mkdir] Created dir: /global/u1/j/jcarlson/src/intermine/intermine/integrate/model/fulldata/build/tmp

-define-task-classpath:

-check-task-availability:

-load-os-tasks:
     [echo] Loading objectstore tasks

-load-int-tasks:
     [echo] Loading integration tasks

-load-web-tasks:

-load-task-taskdefs:

-init-macrodef-build-db:

-init-task-xml:

-init-model-out-of-date:

-init-generate:

-pre-generate:

build-model-from-xml-in-build-dir:

build-model-from-xml-in-project-dir:
     [echo] Found xml file in project directory

-generate-model-java-message:
     [echo] generated model java is up to date - not regenerating

-init-macrodef-model-output:

generate-model-java:

do-generate:

-post-generate:

generate:

-pre-compile:

-init-macrodef-javac:

do-compile-with-gen-src:
   [depend] The class org.intermine.model.fulldata.Reference in file /global/u1/j/jcarlson/src/intermine/intermine/integrate/model/fulldata/build/classes/org/intermine/model/fulldata/Reference.class is out of date due to org.intermine.model.fulldata.Reference but has not been deleted because its source file could not be determined
   [depend] The class org.intermine.model.fulldata.Item in file /global/u1/j/jcarlson/src/intermine/intermine/integrate/model/fulldata/build/classes/org/intermine/model/fulldata/Item.class is out of date due to org.intermine.model.fulldata.Reference but has not been deleted because its source file could not be determined
   [depend] The class org.intermine.model.fulldata.ReferenceList in file /global/u1/j/jcarlson/src/intermine/intermine/integrate/model/fulldata/build/classes/org/intermine/model/fulldata/ReferenceList.class is out of date due to org.intermine.model.fulldata.ReferenceList but has not been deleted because its source file could not be determined
   [depend] The class org.intermine.model.fulldata.Attribute in file /global/u1/j/jcarlson/src/intermine/intermine/integrate/model/fulldata/build/classes/org/intermine/model/fulldata/Attribute.class is out of date due to org.intermine.model.fulldata.Attribute but has not been deleted because its source file could not be determined

do-compile-without-gen-src:

do-compile:

-post-compile:

compile:

-init-jar:

-pre-jar:

-init-presetdef-jar:

do-jar:

-post-jar:

jar:
[dependencies] Fri Jan 31 11:46:37 PST 2014
[dependencies] Executing "jar" for source "intermine/integrate/main"  in directory: /global/u1/j/jcarlson/src/intermine/imbuild/../intermine/integrate/main

-init-project:

-pre-pre-init:

-pre-init:

init:

-pre-init-deps:

-init-deps:

-init-compile:

-init-generate:

-pre-generate:

do-generate:

-post-generate:

generate:

-pre-compile:

-init-macrodef-javac:

do-compile-with-gen-src:

do-compile-without-gen-src:

do-compile:

-post-compile:

compile:

-init-jar:

-pre-jar:

-init-presetdef-jar:

do-jar:

-post-jar:

jar:
[dependencies] Fri Jan 31 11:46:38 PST 2014
[dependencies] Executing "jar" for source "intermine/api/model/userprofile"  in directory: /global/u1/j/jcarlson/src/intermine/imbuild/../intermine/api/model/userprofile

-init-project:

-pre-pre-init:

library.-pre-init:

-pre-init:

init:

-pre-init-deps:

-init-deps:

-init-compile:

library.-init-generate:

-pre-define-task-classpath:
   [delete] Deleting directory /global/u1/j/jcarlson/src/intermine/intermine/api/model/userprofile/build/tmp
    [mkdir] Created dir: /global/u1/j/jcarlson/src/intermine/intermine/api/model/userprofile/build/tmp

-define-task-classpath:

-check-task-availability:

-load-os-tasks:
     [echo] Loading objectstore tasks

-load-int-tasks:
     [echo] Loading integration tasks

-load-web-tasks:

-load-task-taskdefs:

-init-macrodef-build-db:

-init-task-xml:

-init-model-out-of-date:

-init-generate:

-pre-generate:

build-model-from-xml-in-build-dir:

build-model-from-xml-in-project-dir:
     [echo] Found xml file in project directory

-generate-model-java-message:
     [echo] generated model java is up to date - not regenerating

-init-macrodef-model-output:

generate-model-java:

do-generate:

-post-generate:

generate:

-pre-compile:

-init-macrodef-javac:

do-compile-with-gen-src:
   [depend] The class org.intermine.model.userprofile.TemplateSummary in file /global/u1/j/jcarlson/src/intermine/intermine/api/model/userprofile/build/classes/org/intermine/model/userprofile/TemplateSummary.class is out of date due to org.intermine.model.userprofile.TemplateSummary but has not been deleted because its source file could not be determined
   [depend] The class org.intermine.model.userprofile.SavedTemplateQuery in file /global/u1/j/jcarlson/src/intermine/intermine/api/model/userprofile/build/classes/org/intermine/model/userprofile/SavedTemplateQuery.class is out of date due to org.intermine.model.userprofile.TemplateSummary but has not been deleted because its source file could not be determined
   [depend] The class org.intermine.model.userprofile.SavedBag in file /global/u1/j/jcarlson/src/intermine/intermine/api/model/userprofile/build/classes/org/intermine/model/userprofile/SavedBag.class is out of date due to org.intermine.model.userprofile.SavedBag but has not been deleted because its source file could not be determined
   [depend] The class org.intermine.model.userprofile.UserProfile in file /global/u1/j/jcarlson/src/intermine/intermine/api/model/userprofile/build/classes/org/intermine/model/userprofile/UserProfile.class is out of date due to org.intermine.model.userprofile.SavedBag but has not been deleted because its source file could not be determined
   [depend] The class org.intermine.model.userprofile.Tag in file /global/u1/j/jcarlson/src/intermine/intermine/api/model/userprofile/build/classes/org/intermine/model/userprofile/Tag.class is out of date due to org.intermine.model.userprofile.Tag but has not been deleted because its source file could not be determined
   [depend] The class org.intermine.model.userprofile.SavedQuery in file /global/u1/j/jcarlson/src/intermine/intermine/api/model/userprofile/build/classes/org/intermine/model/userprofile/SavedQuery.class is out of date due to org.intermine.model.userprofile.UserProfile but has not been deleted because its source file could not be determined

do-compile-without-gen-src:

do-compile:

-post-compile:

compile:

-init-jar:

-pre-jar:

-init-presetdef-jar:

do-jar:

-post-jar:

jar:
[dependencies] Fri Jan 31 11:46:39 PST 2014
[dependencies] Executing "jar" for source "intermine/pathquery/main"  in directory: /global/u1/j/jcarlson/src/intermine/imbuild/../intermine/pathquery/main

-init-project:

-pre-pre-init:

-pre-init:

init:

-pre-init-deps:

-init-deps:

-init-compile:

-init-generate:

-pre-generate:

do-generate:

-post-generate:

generate:

-pre-compile:

-init-macrodef-javac:

do-compile-with-gen-src:

do-compile-without-gen-src:

do-compile:

-post-compile:

compile:

-init-jar:

-pre-jar:

-init-presetdef-jar:

do-jar:

-post-jar:

jar:
[dependencies] Fri Jan 31 11:46:39 PST 2014
[dependencies] Executing "jar" for source "intermine/webservice/client/main"  in directory: /global/u1/j/jcarlson/src/intermine/imbuild/../intermine/webservice/client/main

-init-project:

-pre-pre-init:

-pre-init:

init:

-pre-init-deps:

-init-deps:

-init-compile:

-init-generate:

-pre-generate:

do-generate:

-post-generate:

generate:

-pre-compile:

-init-macrodef-javac:

do-compile-with-gen-src:

do-compile-without-gen-src:

do-compile:

-post-compile:

compile:

-init-jar:

-pre-jar:

-init-presetdef-jar:

do-jar:

-post-jar:

jar:
[dependencies] Fri Jan 31 11:46:40 PST 2014
[dependencies] Executing "jar" for source "intermine/api/main"  in directory: /global/u1/j/jcarlson/src/intermine/imbuild/../intermine/api/main

-init-project:

-pre-pre-init:

-pre-init:

init:

-pre-init-deps:

-init-deps:

-init-compile:

-init-generate:

-pre-generate:

do-generate:

-post-generate:

generate:

-pre-compile:

-init-macrodef-javac:

do-compile-with-gen-src:

do-compile-without-gen-src:

do-compile:

-post-compile:

compile:

-init-jar:

-pre-jar:

-init-presetdef-jar:

do-jar:

-post-jar:

jar:
[dependencies] Fri Jan 31 11:46:40 PST 2014
[dependencies] Executing "jar" for source "bio/core/main"  in directory: /global/u1/j/jcarlson/src/intermine/imbuild/../bio/core/main

-init-project:

-pre-pre-init:

-pre-init:

init:

-pre-init-deps:

-init-deps:

-init-compile:

-init-generate:

-pre-generate:

do-generate:

-post-generate:

generate:

-pre-compile:

-init-macrodef-javac:

do-compile-with-gen-src:

do-compile-without-gen-src:

do-compile:

-post-compile:

compile:

-init-jar:

-pre-jar:

-init-presetdef-jar:

do-jar:

-post-jar:

jar:
[dependencies] Fri Jan 31 11:46:41 PST 2014
[dependencies] Executing "jar" for source "phytomine/dbmodel"  in directory: /global/u1/j/jcarlson/src/intermine/imbuild/../phytomine/dbmodel

-init-project:

-pre-pre-init:

library.-pre-init:

model.-pre-init:

-pre-init:

init:

-pre-init-deps:

-init-deps:

-init-compile:

library.-init-generate:

-pre-define-task-classpath:
   [delete] Deleting directory /global/u1/j/jcarlson/src/intermine/phytomine/dbmodel/build/tmp
    [mkdir] Created dir: /global/u1/j/jcarlson/src/intermine/phytomine/dbmodel/build/tmp

-define-task-classpath:

-check-task-availability:

-load-os-tasks:
     [echo] Loading objectstore tasks

-load-int-tasks:
     [echo] Loading integration tasks

-load-web-tasks:

-load-task-taskdefs:

-init-macrodef-build-db:

-init-task-xml:

-init-model-out-of-date:

model.-init-generate:

-init-generate:

-check-for-intermine-properties-file:

-set-release-suffix-not-exists:

-set-release-suffix-exists:

-set-release-suffix:

-init-check-for-intermine-properties-dir:

-check-for-intermine-properties-dir:

-init-check-for-intermine-properties:

-check-for-intermine-properties:

-init-properties:
     [copy] Copying 1 file to /global/u1/j/jcarlson/src/intermine/phytomine/dbmodel/build/main
     [copy] Copying 1 file to /global/u1/j/jcarlson/src/intermine/phytomine/dbmodel/build/main

-pre-generate-retrieve:
     [echo] Retrieving model from os.production...

-pre-generate-properties:
     [copy] Copying 1 file to /global/u1/j/jcarlson/src/intermine/phytomine/dbmodel/build/classes

-pre-generate:
     [copy] Copying 1 file to /global/u1/j/jcarlson/src/intermine/phytomine/dbmodel/build/classes

build-model-from-xml-in-build-dir:
     [echo] Found xml file in /global/u1/j/jcarlson/src/intermine/phytomine/dbmodel/build
     [copy] Copying 1 file to /global/u1/j/jcarlson/src/intermine/phytomine/dbmodel/build/main

build-model-from-xml-in-project-dir:

-generate-model-java-message:

-init-macrodef-model-output:

generate-model-java:
     [echo] Generating model java code...

do-generate:

-post-generate:

generate:

-pre-compile:

-init-macrodef-javac:

do-compile-with-gen-src:
    [javac] Compiling 176 source files to /global/u1/j/jcarlson/src/intermine/phytomine/dbmodel/build/classes
[dependencies] Note: Some input files use unchecked or unsafe operations.
[dependencies] Note: Recompile with -Xlint:unchecked for details.

do-compile-without-gen-src:

do-compile:

-post-compile:

compile:

-init-jar:

-pre-jar:

-init-presetdef-jar:

do-jar:
  [lib:jar] Building jar: /global/u1/j/jcarlson/src/intermine/phytomine/dbmodel/dist/phytomine-dbmodel.jar

-post-jar:

jar:

-pre-define-task-classpath:
   [delete] Deleting directory /global/u1/j/jcarlson/src/intermine/phytomine-load/integrate/build/tmp
    [mkdir] Created dir: /global/u1/j/jcarlson/src/intermine/phytomine-load/integrate/build/tmp

-define-task-classpath:

-check-task-availability:

-load-os-tasks:
     [echo] Loading objectstore tasks

-load-int-tasks:
     [echo] Loading integration tasks

-load-web-tasks:

-load-task-taskdefs:

-init-macrodef-build-db:

-init-task-xml:

-init-deps:

-init-compile:

-init-generate:

-pre-generate:

do-generate:

-post-generate:

generate:

-pre-compile:

-init-macrodef-javac:

do-compile-with-gen-src:

do-compile-without-gen-src:

do-compile:

-post-compile:

compile:

-init-jar:

-pre-jar:

-init-presetdef-jar:

do-jar:

-post-jar:

jar:

-init-action:

-pre-action:

-check-for-intermine-properties-file:

-set-release-suffix-not-exists:

-set-release-suffix-exists:

-set-release-suffix:

-init-check-for-intermine-properties-dir:

-check-for-intermine-properties-dir:

-init-check-for-intermine-properties:

-check-for-intermine-properties:

-init-properties:
     [copy] Copying 1 file to /global/u1/j/jcarlson/src/intermine/phytomine-load/integrate/build/main
     [copy] Copying 1 file to /global/u1/j/jcarlson/src/intermine/phytomine-load/integrate/build/main

-init-integrate:

integrate:
[integrate] action: 
[integrate] Found 77 sources
[integrate] Performing integration action "retrieve" for source "phytozome-chado-reload-A.coerulea" (chado-db) in: /global/u1/j/jcarlson/src/intermine/bio/sources/chado-db

-init-project:

-pre-pre-init:

-pre-init:

init:

-check-for-intermine-properties-file:

-set-release-suffix-not-exists:

-set-release-suffix-exists:

-set-release-suffix:

-pre-define-task-classpath:
   [delete] Deleting directory /global/u1/j/jcarlson/src/intermine/bio/sources/chado-db/build/tmp
    [mkdir] Created dir: /global/u1/j/jcarlson/src/intermine/bio/sources/chado-db/build/tmp

-init-check-for-intermine-properties-dir:

-check-for-intermine-properties-dir:

-init-check-for-intermine-properties:

-check-for-intermine-properties:

-init-properties:
     [copy] Copying 1 file to /global/u1/j/jcarlson/src/intermine/bio/sources/chado-db/build/main
     [copy] Copying 1 file to /global/u1/j/jcarlson/src/intermine/bio/sources/chado-db/build/main

-pre-init-deps:

library.-init-deps:
[integrate] ---- Dependency build order:-----------------------
[integrate]  intermine/objectstore/main
[integrate]  intermine/integrate/model/fulldata
[integrate]  intermine/integrate/main
[integrate]  intermine/api/model/userprofile
[integrate]  intermine/pathquery/main
[integrate]  intermine/webservice/client/main
[integrate]  intermine/api/main
[integrate]  bio/core/main
[integrate]  phytomine/dbmodel
[integrate]  intermine/web/main
[integrate]  bio/postprocess/main
[integrate]  bio/sources/chado-db/main
[integrate] ---------------------------------------------------
[integrate] Fri Jan 31 11:46:58 PST 2014
[integrate] Executing "jar" for source "intermine/objectstore/main"  in directory: /global/u1/j/jcarlson/src/intermine/imbuild/../intermine/objectstore/main

-init-project:

-pre-pre-init:

-pre-init:

init:

-pre-init-deps:

-init-deps:

-init-compile:

-init-generate:

-pre-generate:

do-generate:

-post-generate:

generate:

-pre-compile:

-init-macrodef-javac:

do-compile-with-gen-src:

do-compile-without-gen-src:

do-compile:

-post-compile:

compile:

-init-jar:

-pre-jar:

-init-presetdef-jar:

do-jar:

-post-jar:

jar:
[integrate] Fri Jan 31 11:46:59 PST 2014
[integrate] Executing "jar" for source "intermine/integrate/model/fulldata"  in directory: /global/u1/j/jcarlson/src/intermine/imbuild/../intermine/integrate/model/fulldata

-init-project:

-pre-pre-init:

library.-pre-init:

-pre-init:

init:

-pre-init-deps:

-init-deps:

-init-compile:

library.-init-generate:

-pre-define-task-classpath:
   [delete] Deleting directory /global/u1/j/jcarlson/src/intermine/intermine/integrate/model/fulldata/build/tmp
    [mkdir] Created dir: /global/u1/j/jcarlson/src/intermine/intermine/integrate/model/fulldata/build/tmp

-define-task-classpath:

-check-task-availability:

-load-os-tasks:
     [echo] Loading objectstore tasks
Trying to override old definition of task acceptance-tests
Trying to override old definition of task build-torque
Trying to override old definition of task build-db
Trying to override old definition of task db-insert-model
Trying to override old definition of task analyse-db
Trying to override old definition of task retrieve-metadata
Trying to override old definition of task model-output

-load-int-tasks:
     [echo] Loading integration tasks
Trying to override old definition of task create-indexes
Trying to override old definition of task convert-file
Trying to override old definition of task convert-dir
Trying to override old definition of task convert-db
Trying to override old definition of task precompute-queries
Trying to override old definition of task summarise-objectstore
Trying to override old definition of task drop-precomputed-tables
Trying to override old definition of task insert-xml-data
Trying to override old definition of task model-merger
Trying to override old definition of task convert-fullxml-file
Trying to override old definition of task data-load
Trying to override old definition of task method-call
Trying to override old definition of task postprocessor

-load-web-tasks:

-load-task-taskdefs:

-init-macrodef-build-db:

-init-task-xml:

-init-model-out-of-date:

-init-generate:

-pre-generate:

build-model-from-xml-in-build-dir:

build-model-from-xml-in-project-dir:
     [echo] Found xml file in project directory

-generate-model-java-message:
     [echo] generated model java is up to date - not regenerating

-init-macrodef-model-output:

generate-model-java:

do-generate:

-post-generate:

generate:

-pre-compile:

-init-macrodef-javac:

do-compile-with-gen-src:
   [depend] The class org.intermine.model.fulldata.Reference in file /global/u1/j/jcarlson/src/intermine/intermine/integrate/model/fulldata/build/classes/org/intermine/model/fulldata/Reference.class is out of date due to org.intermine.model.fulldata.Reference but has not been deleted because its source file could not be determined
   [depend] The class org.intermine.model.fulldata.Item in file /global/u1/j/jcarlson/src/intermine/intermine/integrate/model/fulldata/build/classes/org/intermine/model/fulldata/Item.class is out of date due to org.intermine.model.fulldata.Reference but has not been deleted because its source file could not be determined
   [depend] The class org.intermine.model.fulldata.ReferenceList in file /global/u1/j/jcarlson/src/intermine/intermine/integrate/model/fulldata/build/classes/org/intermine/model/fulldata/ReferenceList.class is out of date due to org.intermine.model.fulldata.ReferenceList but has not been deleted because its source file could not be determined
   [depend] The class org.intermine.model.fulldata.Attribute in file /global/u1/j/jcarlson/src/intermine/intermine/integrate/model/fulldata/build/classes/org/intermine/model/fulldata/Attribute.class is out of date due to org.intermine.model.fulldata.Attribute but has not been deleted because its source file could not be determined

do-compile-without-gen-src:

do-compile:

-post-compile:

compile:

-init-jar:

-pre-jar:

-init-presetdef-jar:
Trying to override old definition of task http://www.intermine.org/ns/im-lib-proj/1:jar

do-jar:

-post-jar:

jar:
[integrate] Fri Jan 31 11:47:01 PST 2014
[integrate] Executing "jar" for source "intermine/integrate/main"  in directory: /global/u1/j/jcarlson/src/intermine/imbuild/../intermine/integrate/main

-init-project:

-pre-pre-init:

-pre-init:

init:

-pre-init-deps:

-init-deps:

-init-compile:

-init-generate:

-pre-generate:

do-generate:

-post-generate:

generate:

-pre-compile:

-init-macrodef-javac:

do-compile-with-gen-src:

do-compile-without-gen-src:

do-compile:

-post-compile:

compile:

-init-jar:

-pre-jar:

-init-presetdef-jar:

do-jar:

-post-jar:

jar:
[integrate] Fri Jan 31 11:47:01 PST 2014
[integrate] Executing "jar" for source "intermine/api/model/userprofile"  in directory: /global/u1/j/jcarlson/src/intermine/imbuild/../intermine/api/model/userprofile

-init-project:

-pre-pre-init:

library.-pre-init:

-pre-init:

init:

-pre-init-deps:

-init-deps:

-init-compile:

library.-init-generate:

-pre-define-task-classpath:
   [delete] Deleting directory /global/u1/j/jcarlson/src/intermine/intermine/api/model/userprofile/build/tmp
    [mkdir] Created dir: /global/u1/j/jcarlson/src/intermine/intermine/api/model/userprofile/build/tmp

-define-task-classpath:

-check-task-availability:

-load-os-tasks:
     [echo] Loading objectstore tasks
Trying to override old definition of task acceptance-tests
Trying to override old definition of task build-torque
Trying to override old definition of task build-db
Trying to override old definition of task db-insert-model
Trying to override old definition of task analyse-db
Trying to override old definition of task retrieve-metadata
Trying to override old definition of task model-output

-load-int-tasks:
     [echo] Loading integration tasks
Trying to override old definition of task create-indexes
Trying to override old definition of task convert-file
Trying to override old definition of task convert-dir
Trying to override old definition of task convert-db
Trying to override old definition of task precompute-queries
Trying to override old definition of task summarise-objectstore
Trying to override old definition of task drop-precomputed-tables
Trying to override old definition of task insert-xml-data
Trying to override old definition of task model-merger
Trying to override old definition of task convert-fullxml-file
Trying to override old definition of task data-load
Trying to override old definition of task method-call
Trying to override old definition of task postprocessor

-load-web-tasks:

-load-task-taskdefs:

-init-macrodef-build-db:

-init-task-xml:

-init-model-out-of-date:

-init-generate:

-pre-generate:

build-model-from-xml-in-build-dir:

build-model-from-xml-in-project-dir:
     [echo] Found xml file in project directory

-generate-model-java-message:
     [echo] generated model java is up to date - not regenerating

-init-macrodef-model-output:

generate-model-java:

do-generate:

-post-generate:

generate:

-pre-compile:

-init-macrodef-javac:

do-compile-with-gen-src:
   [depend] The class org.intermine.model.userprofile.TemplateSummary in file /global/u1/j/jcarlson/src/intermine/intermine/api/model/userprofile/build/classes/org/intermine/model/userprofile/TemplateSummary.class is out of date due to org.intermine.model.userprofile.TemplateSummary but has not been deleted because its source file could not be determined
   [depend] The class org.intermine.model.userprofile.SavedTemplateQuery in file /global/u1/j/jcarlson/src/intermine/intermine/api/model/userprofile/build/classes/org/intermine/model/userprofile/SavedTemplateQuery.class is out of date due to org.intermine.model.userprofile.TemplateSummary but has not been deleted because its source file could not be determined
   [depend] The class org.intermine.model.userprofile.SavedBag in file /global/u1/j/jcarlson/src/intermine/intermine/api/model/userprofile/build/classes/org/intermine/model/userprofile/SavedBag.class is out of date due to org.intermine.model.userprofile.SavedBag but has not been deleted because its source file could not be determined
   [depend] The class org.intermine.model.userprofile.UserProfile in file /global/u1/j/jcarlson/src/intermine/intermine/api/model/userprofile/build/classes/org/intermine/model/userprofile/UserProfile.class is out of date due to org.intermine.model.userprofile.SavedBag but has not been deleted because its source file could not be determined
   [depend] The class org.intermine.model.userprofile.Tag in file /global/u1/j/jcarlson/src/intermine/intermine/api/model/userprofile/build/classes/org/intermine/model/userprofile/Tag.class is out of date due to org.intermine.model.userprofile.Tag but has not been deleted because its source file could not be determined
   [depend] The class org.intermine.model.userprofile.SavedQuery in file /global/u1/j/jcarlson/src/intermine/intermine/api/model/userprofile/build/classes/org/intermine/model/userprofile/SavedQuery.class is out of date due to org.intermine.model.userprofile.UserProfile but has not been deleted because its source file could not be determined

do-compile-without-gen-src:

do-compile:

-post-compile:

compile:

-init-jar:

-pre-jar:

-init-presetdef-jar:
Trying to override old definition of task http://www.intermine.org/ns/im-lib-proj/1:jar

do-jar:

-post-jar:

jar:
[integrate] Fri Jan 31 11:47:02 PST 2014
[integrate] Executing "jar" for source "intermine/pathquery/main"  in directory: /global/u1/j/jcarlson/src/intermine/imbuild/../intermine/pathquery/main

-init-project:

-pre-pre-init:

-pre-init:

init:

-pre-init-deps:

-init-deps:

-init-compile:

-init-generate:

-pre-generate:

do-generate:

-post-generate:

generate:

-pre-compile:

-init-macrodef-javac:

do-compile-with-gen-src:

do-compile-without-gen-src:

do-compile:

-post-compile:

compile:

-init-jar:

-pre-jar:

-init-presetdef-jar:

do-jar:

-post-jar:

jar:
[integrate] Fri Jan 31 11:47:03 PST 2014
[integrate] Executing "jar" for source "intermine/webservice/client/main"  in directory: /global/u1/j/jcarlson/src/intermine/imbuild/../intermine/webservice/client/main

-init-project:

-pre-pre-init:

-pre-init:

init:

-pre-init-deps:

-init-deps:

-init-compile:

-init-generate:

-pre-generate:

do-generate:

-post-generate:

generate:

-pre-compile:

-init-macrodef-javac:

do-compile-with-gen-src:

do-compile-without-gen-src:

do-compile:

-post-compile:

compile:

-init-jar:

-pre-jar:

-init-presetdef-jar:

do-jar:

-post-jar:

jar:
[integrate] Fri Jan 31 11:47:03 PST 2014
[integrate] Executing "jar" for source "intermine/api/main"  in directory: /global/u1/j/jcarlson/src/intermine/imbuild/../intermine/api/main

-init-project:

-pre-pre-init:

-pre-init:

init:

-pre-init-deps:

-init-deps:

-init-compile:

-init-generate:

-pre-generate:

do-generate:

-post-generate:

generate:

-pre-compile:

-init-macrodef-javac:

do-compile-with-gen-src:

do-compile-without-gen-src:

do-compile:

-post-compile:

compile:

-init-jar:

-pre-jar:

-init-presetdef-jar:

do-jar:

-post-jar:

jar:
[integrate] Fri Jan 31 11:47:04 PST 2014
[integrate] Executing "jar" for source "bio/core/main"  in directory: /global/u1/j/jcarlson/src/intermine/imbuild/../bio/core/main

-init-project:

-pre-pre-init:

-pre-init:

init:

-pre-init-deps:

-init-deps:

-init-compile:

-init-generate:

-pre-generate:

do-generate:

-post-generate:

generate:

-pre-compile:

-init-macrodef-javac:

do-compile-with-gen-src:

do-compile-without-gen-src:

do-compile:

-post-compile:

compile:

-init-jar:

-pre-jar:

-init-presetdef-jar:

do-jar:

-post-jar:

jar:
[integrate] Fri Jan 31 11:47:05 PST 2014
[integrate] Executing "jar" for source "phytomine/dbmodel"  in directory: /global/u1/j/jcarlson/src/intermine/imbuild/../phytomine/dbmodel

-init-project:

-pre-pre-init:

library.-pre-init:

model.-pre-init:

-pre-init:

init:

-pre-init-deps:

-init-deps:

-init-compile:

library.-init-generate:

-pre-define-task-classpath:
   [delete] Deleting directory /global/u1/j/jcarlson/src/intermine/phytomine/dbmodel/build/tmp
    [mkdir] Created dir: /global/u1/j/jcarlson/src/intermine/phytomine/dbmodel/build/tmp

-define-task-classpath:

-check-task-availability:

-load-os-tasks:
     [echo] Loading objectstore tasks
Trying to override old definition of task acceptance-tests
Trying to override old definition of task build-torque
Trying to override old definition of task build-db
Trying to override old definition of task db-insert-model
Trying to override old definition of task analyse-db
Trying to override old definition of task retrieve-metadata
Trying to override old definition of task model-output

-load-int-tasks:
     [echo] Loading integration tasks
Trying to override old definition of task create-indexes
Trying to override old definition of task convert-file
Trying to override old definition of task convert-dir
Trying to override old definition of task convert-db
Trying to override old definition of task precompute-queries
Trying to override old definition of task summarise-objectstore
Trying to override old definition of task drop-precomputed-tables
Trying to override old definition of task insert-xml-data
Trying to override old definition of task model-merger
Trying to override old definition of task convert-fullxml-file
Trying to override old definition of task data-load
Trying to override old definition of task method-call
Trying to override old definition of task postprocessor

-load-web-tasks:

-load-task-taskdefs:

-init-macrodef-build-db:

-init-task-xml:

-init-model-out-of-date:

model.-init-generate:

-init-generate:

-check-for-intermine-properties-file:

-set-release-suffix-not-exists:

-set-release-suffix-exists:

-set-release-suffix:

-init-check-for-intermine-properties-dir:

-check-for-intermine-properties-dir:

-init-check-for-intermine-properties:

-check-for-intermine-properties:

-init-properties:
     [copy] Copying 1 file to /global/u1/j/jcarlson/src/intermine/phytomine/dbmodel/build/main
     [copy] Copying 1 file to /global/u1/j/jcarlson/src/intermine/phytomine/dbmodel/build/main

-pre-generate-retrieve:
     [echo] Retrieving model from os.production...

-pre-generate-properties:
     [copy] Copying 1 file to /global/u1/j/jcarlson/src/intermine/phytomine/dbmodel/build/classes

-pre-generate:

build-model-from-xml-in-build-dir:
     [echo] Found xml file in /global/u1/j/jcarlson/src/intermine/phytomine/dbmodel/build
     [copy] Copying 1 file to /global/u1/j/jcarlson/src/intermine/phytomine/dbmodel/build/main

build-model-from-xml-in-project-dir:

-generate-model-java-message:

-init-macrodef-model-output:

generate-model-java:
     [echo] Generating model java code...

do-generate:

-post-generate:

generate:

-pre-compile:

-init-macrodef-javac:

do-compile-with-gen-src:
    [javac] Compiling 176 source files to /global/u1/j/jcarlson/src/intermine/phytomine/dbmodel/build/classes
[integrate] Note: Some input files use unchecked or unsafe operations.
[integrate] Note: Recompile with -Xlint:unchecked for details.

do-compile-without-gen-src:

do-compile:

-post-compile:

compile:

-init-jar:

-pre-jar:

-init-presetdef-jar:
Trying to override old definition of task http://www.intermine.org/ns/im-lib-proj/1:jar

do-jar:
  [lib:jar] Building jar: /global/u1/j/jcarlson/src/intermine/phytomine/dbmodel/dist/phytomine-dbmodel.jar

-post-jar:

jar:
[integrate] Fri Jan 31 11:47:11 PST 2014
[integrate] Executing "jar" for source "intermine/web/main"  in directory: /global/u1/j/jcarlson/src/intermine/imbuild/../intermine/web/main

-init-project:

-pre-pre-init:

-pre-init:

init:

-pre-init-deps:

-init-deps:

-init-compile:

-init-generate:

-pre-generate:

do-generate:

-post-generate:

generate:

-pre-compile:

-init-macrodef-javac:

do-compile-with-gen-src:

do-compile-without-gen-src:

do-compile:

-post-compile:

compile:

-init-jar:

-pre-jar:

-init-presetdef-jar:

do-jar:

-post-jar:

jar:
[integrate] Fri Jan 31 11:47:15 PST 2014
[integrate] Executing "jar" for source "bio/postprocess/main"  in directory: /global/u1/j/jcarlson/src/intermine/imbuild/../bio/postprocess/main

-init-project:

-pre-pre-init:

-pre-init:

init:

-pre-init-deps:

-init-deps:

-init-compile:

-init-generate:

-pre-generate:

do-generate:

-post-generate:

generate:

-pre-compile:

-init-macrodef-javac:

do-compile-with-gen-src:

do-compile-without-gen-src:

do-compile:

-post-compile:

compile:

-init-jar:

-pre-jar:

-init-presetdef-jar:

do-jar:

-post-jar:

jar:
[integrate] Fri Jan 31 11:47:15 PST 2014
[integrate] Executing "jar" for source "bio/sources/chado-db/main"  in directory: /global/u1/j/jcarlson/src/intermine/imbuild/../bio/sources/chado-db/main

-init-project:

-pre-pre-init:

-pre-init:

init:

-pre-init-deps:

-init-deps:

-init-compile:

-init-generate:

-pre-generate:

do-generate:

-post-generate:

generate:

-pre-compile:

-init-macrodef-javac:

do-compile-with-gen-src:

do-compile-without-gen-src:
   [depend] The class org.intermine.bio.dataconversion.PhytozomeClusterProcessor in file /global/u1/j/jcarlson/src/intermine/bio/sources/chado-db/main/build/classes/org/intermine/bio/dataconversion/PhytozomeClusterProcessor.class is out of date due to org.intermine.bio.dataconversion.PhytozomeClusterProcessor but has not been deleted because its source file could not be determined
   [depend] The class org.intermine.bio.dataconversion.PhytozomeFeaturePropertyProcessor in file /global/u1/j/jcarlson/src/intermine/bio/sources/chado-db/main/build/classes/org/intermine/bio/dataconversion/PhytozomeFeaturePropertyProcessor.class is out of date due to org.intermine.bio.dataconversion.PhytozomeFeaturePropertyProcessor but has not been deleted because its source file could not be determined

do-compile:

-post-compile:

compile:

-init-jar:

-pre-jar:

-init-presetdef-jar:

do-jar:

-post-jar:

jar:

-define-task-classpath:

-check-task-availability:

-load-os-tasks:
     [echo] Loading objectstore tasks
Trying to override old definition of task acceptance-tests
Trying to override old definition of task build-torque
Trying to override old definition of task build-db
Trying to override old definition of task db-insert-model
Trying to override old definition of task analyse-db
Trying to override old definition of task retrieve-metadata
Trying to override old definition of task model-output

-load-int-tasks:
     [echo] Loading integration tasks
Trying to override old definition of task create-indexes
Trying to override old definition of task convert-file
Trying to override old definition of task convert-dir
Trying to override old definition of task convert-db
Trying to override old definition of task precompute-queries
Trying to override old definition of task summarise-objectstore
Trying to override old definition of task drop-precomputed-tables
Trying to override old definition of task insert-xml-data
Trying to override old definition of task model-merger
Trying to override old definition of task convert-fullxml-file
Trying to override old definition of task data-load
Trying to override old definition of task method-call
Trying to override old definition of task postprocessor

-load-web-tasks:

-load-task-taskdefs:

-init-macrodef-build-db:

-init-task-xml:

-init-deps:

-init-legacy-dag-properties:

-init-legacy-properties:

-init-flags:

build-db-tgt-items:
[integrate] Our new url -> jdbc:postgresql://gpdb16.nersc.gov/items-phytomine-load
[integrate] Our new url -> jdbc:postgresql://gpdb16.nersc.gov/items-phytomine-load

-pre-retrieve:

-set-custom-file-includes:

-set-custom-file-excludes:

-retrieve-tgt-from-custom-file:

-retrieve-tgt-from-db:

-set-gff-seq-handler:

-retrieve-from-gff3:

-retrieve-from-obo:

-set-xml-tgt-file-includes:

-set-xml-tgt-file:

-retrieve-tgt-from-xml-file:

-retrieve-tgt-from-large-xml-file:

-retrieve-tgt-from-custom-dir:

-index-analyse-tgt-items:

tgt-retrieve:

retrieve:
[integrate] Performing integration action "load" for source "phytozome-chado-reload-A.coerulea" (chado-db) in: /global/u1/j/jcarlson/src/intermine/bio/sources/chado-db

-init-project:

-pre-pre-init:

-pre-init:

init:

-check-for-intermine-properties-file:

-set-release-suffix-not-exists:

-set-release-suffix-exists:

-set-release-suffix:

-pre-define-task-classpath:
   [delete] Deleting directory /global/u1/j/jcarlson/src/intermine/bio/sources/chado-db/build/tmp
    [mkdir] Created dir: /global/u1/j/jcarlson/src/intermine/bio/sources/chado-db/build/tmp

-init-check-for-intermine-properties-dir:

-check-for-intermine-properties-dir:

-init-check-for-intermine-properties:

-check-for-intermine-properties:

-init-properties:
     [copy] Copying 1 file to /global/u1/j/jcarlson/src/intermine/bio/sources/chado-db/build/main
     [copy] Copying 1 file to /global/u1/j/jcarlson/src/intermine/bio/sources/chado-db/build/main

-pre-init-deps:

library.-init-deps:
[integrate] ---- Dependency build order:-----------------------
[integrate]  intermine/objectstore/main
[integrate]  intermine/integrate/model/fulldata
[integrate]  intermine/integrate/main
[integrate]  intermine/api/model/userprofile
[integrate]  intermine/pathquery/main
[integrate]  intermine/webservice/client/main
[integrate]  intermine/api/main
[integrate]  bio/core/main
[integrate]  phytomine/dbmodel
[integrate]  intermine/web/main
[integrate]  bio/postprocess/main
[integrate]  bio/sources/chado-db/main
[integrate] ---------------------------------------------------
[integrate] Fri Jan 31 12:04:42 PST 2014
[integrate] Executing "jar" for source "intermine/objectstore/main"  in directory: /global/u1/j/jcarlson/src/intermine/imbuild/../intermine/objectstore/main

-init-project:

-pre-pre-init:

-pre-init:

init:

-pre-init-deps:

-init-deps:

-init-compile:

-init-generate:

-pre-generate:

do-generate:

-post-generate:

generate:

-pre-compile:

-init-macrodef-javac:

do-compile-with-gen-src:

do-compile-without-gen-src:

do-compile:

-post-compile:

compile:

-init-jar:

-pre-jar:

-init-presetdef-jar:

do-jar:

-post-jar:

jar:
[integrate] Fri Jan 31 12:04:42 PST 2014
[integrate] Executing "jar" for source "intermine/integrate/model/fulldata"  in directory: /global/u1/j/jcarlson/src/intermine/imbuild/../intermine/integrate/model/fulldata

-init-project:

-pre-pre-init:

library.-pre-init:

-pre-init:

init:

-pre-init-deps:

-init-deps:

-init-compile:

library.-init-generate:

-pre-define-task-classpath:
   [delete] Deleting directory /global/u1/j/jcarlson/src/intermine/intermine/integrate/model/fulldata/build/tmp
    [mkdir] Created dir: /global/u1/j/jcarlson/src/intermine/intermine/integrate/model/fulldata/build/tmp

-define-task-classpath:

-check-task-availability:

-load-os-tasks:
     [echo] Loading objectstore tasks
Trying to override old definition of task acceptance-tests
Trying to override old definition of task build-torque
Trying to override old definition of task build-db
Trying to override old definition of task db-insert-model
Trying to override old definition of task analyse-db
Trying to override old definition of task retrieve-metadata
Trying to override old definition of task model-output

-load-int-tasks:
     [echo] Loading integration tasks
Trying to override old definition of task create-indexes
Trying to override old definition of task convert-file
Trying to override old definition of task convert-dir
Trying to override old definition of task convert-db
Trying to override old definition of task precompute-queries
Trying to override old definition of task summarise-objectstore
Trying to override old definition of task drop-precomputed-tables
Trying to override old definition of task insert-xml-data
Trying to override old definition of task model-merger
Trying to override old definition of task convert-fullxml-file
Trying to override old definition of task data-load
Trying to override old definition of task method-call
Trying to override old definition of task postprocessor

-load-web-tasks:

-load-task-taskdefs:

-init-macrodef-build-db:

-init-task-xml:

-init-model-out-of-date:

-init-generate:

-pre-generate:

build-model-from-xml-in-build-dir:

build-model-from-xml-in-project-dir:
     [echo] Found xml file in project directory

-generate-model-java-message:
     [echo] generated model java is up to date - not regenerating

-init-macrodef-model-output:

generate-model-java:

do-generate:

-post-generate:

generate:

-pre-compile:

-init-macrodef-javac:

do-compile-with-gen-src:
   [depend] The class org.intermine.model.fulldata.Reference in file /global/u1/j/jcarlson/src/intermine/intermine/integrate/model/fulldata/build/classes/org/intermine/model/fulldata/Reference.class is out of date due to org.intermine.model.fulldata.Reference but has not been deleted because its source file could not be determined
   [depend] The class org.intermine.model.fulldata.Item in file /global/u1/j/jcarlson/src/intermine/intermine/integrate/model/fulldata/build/classes/org/intermine/model/fulldata/Item.class is out of date due to org.intermine.model.fulldata.Reference but has not been deleted because its source file could not be determined
   [depend] The class org.intermine.model.fulldata.ReferenceList in file /global/u1/j/jcarlson/src/intermine/intermine/integrate/model/fulldata/build/classes/org/intermine/model/fulldata/ReferenceList.class is out of date due to org.intermine.model.fulldata.ReferenceList but has not been deleted because its source file could not be determined
   [depend] The class org.intermine.model.fulldata.Attribute in file /global/u1/j/jcarlson/src/intermine/intermine/integrate/model/fulldata/build/classes/org/intermine/model/fulldata/Attribute.class is out of date due to org.intermine.model.fulldata.Attribute but has not been deleted because its source file could not be determined

do-compile-without-gen-src:

do-compile:

-post-compile:

compile:

-init-jar:

-pre-jar:

-init-presetdef-jar:
Trying to override old definition of task http://www.intermine.org/ns/im-lib-proj/1:jar

do-jar:

-post-jar:

jar:
[integrate] Fri Jan 31 12:04:43 PST 2014
[integrate] Executing "jar" for source "intermine/integrate/main"  in directory: /global/u1/j/jcarlson/src/intermine/imbuild/../intermine/integrate/main

-init-project:

-pre-pre-init:

-pre-init:

init:

-pre-init-deps:

-init-deps:

-init-compile:

-init-generate:

-pre-generate:

do-generate:

-post-generate:

generate:

-pre-compile:

-init-macrodef-javac:

do-compile-with-gen-src:

do-compile-without-gen-src:

do-compile:

-post-compile:

compile:

-init-jar:

-pre-jar:

-init-presetdef-jar:

do-jar:

-post-jar:

jar:
[integrate] Fri Jan 31 12:04:44 PST 2014
[integrate] Executing "jar" for source "intermine/api/model/userprofile"  in directory: /global/u1/j/jcarlson/src/intermine/imbuild/../intermine/api/model/userprofile

-init-project:

-pre-pre-init:

library.-pre-init:

-pre-init:

init:

-pre-init-deps:

-init-deps:

-init-compile:

library.-init-generate:

-pre-define-task-classpath:
   [delete] Deleting directory /global/u1/j/jcarlson/src/intermine/intermine/api/model/userprofile/build/tmp
    [mkdir] Created dir: /global/u1/j/jcarlson/src/intermine/intermine/api/model/userprofile/build/tmp

-define-task-classpath:

-check-task-availability:

-load-os-tasks:
     [echo] Loading objectstore tasks
Trying to override old definition of task acceptance-tests
Trying to override old definition of task build-torque
Trying to override old definition of task build-db
Trying to override old definition of task db-insert-model
Trying to override old definition of task analyse-db
Trying to override old definition of task retrieve-metadata
Trying to override old definition of task model-output

-load-int-tasks:
     [echo] Loading integration tasks
Trying to override old definition of task create-indexes
Trying to override old definition of task convert-file
Trying to override old definition of task convert-dir
Trying to override old definition of task convert-db
Trying to override old definition of task precompute-queries
Trying to override old definition of task summarise-objectstore
Trying to override old definition of task drop-precomputed-tables
Trying to override old definition of task insert-xml-data
Trying to override old definition of task model-merger
Trying to override old definition of task convert-fullxml-file
Trying to override old definition of task data-load
Trying to override old definition of task method-call
Trying to override old definition of task postprocessor

-load-web-tasks:

-load-task-taskdefs:

-init-macrodef-build-db:

-init-task-xml:

-init-model-out-of-date:

-init-generate:

-pre-generate:

build-model-from-xml-in-build-dir:

build-model-from-xml-in-project-dir:
     [echo] Found xml file in project directory

-generate-model-java-message:
     [echo] generated model java is up to date - not regenerating

-init-macrodef-model-output:

generate-model-java:

do-generate:

-post-generate:

generate:

-pre-compile:

-init-macrodef-javac:

do-compile-with-gen-src:
   [depend] The class org.intermine.model.userprofile.TemplateSummary in file /global/u1/j/jcarlson/src/intermine/intermine/api/model/userprofile/build/classes/org/intermine/model/userprofile/TemplateSummary.class is out of date due to org.intermine.model.userprofile.TemplateSummary but has not been deleted because its source file could not be determined
   [depend] The class org.intermine.model.userprofile.SavedTemplateQuery in file /global/u1/j/jcarlson/src/intermine/intermine/api/model/userprofile/build/classes/org/intermine/model/userprofile/SavedTemplateQuery.class is out of date due to org.intermine.model.userprofile.TemplateSummary but has not been deleted because its source file could not be determined
   [depend] The class org.intermine.model.userprofile.SavedBag in file /global/u1/j/jcarlson/src/intermine/intermine/api/model/userprofile/build/classes/org/intermine/model/userprofile/SavedBag.class is out of date due to org.intermine.model.userprofile.SavedBag but has not been deleted because its source file could not be determined
   [depend] The class org.intermine.model.userprofile.UserProfile in file /global/u1/j/jcarlson/src/intermine/intermine/api/model/userprofile/build/classes/org/intermine/model/userprofile/UserProfile.class is out of date due to org.intermine.model.userprofile.SavedBag but has not been deleted because its source file could not be determined
   [depend] The class org.intermine.model.userprofile.Tag in file /global/u1/j/jcarlson/src/intermine/intermine/api/model/userprofile/build/classes/org/intermine/model/userprofile/Tag.class is out of date due to org.intermine.model.userprofile.Tag but has not been deleted because its source file could not be determined
   [depend] The class org.intermine.model.userprofile.SavedQuery in file /global/u1/j/jcarlson/src/intermine/intermine/api/model/userprofile/build/classes/org/intermine/model/userprofile/SavedQuery.class is out of date due to org.intermine.model.userprofile.UserProfile but has not been deleted because its source file could not be determined

do-compile-without-gen-src:

do-compile:

-post-compile:

compile:

-init-jar:

-pre-jar:

-init-presetdef-jar:
Trying to override old definition of task http://www.intermine.org/ns/im-lib-proj/1:jar

do-jar:

-post-jar:

jar:
[integrate] Fri Jan 31 12:04:45 PST 2014
[integrate] Executing "jar" for source "intermine/pathquery/main"  in directory: /global/u1/j/jcarlson/src/intermine/imbuild/../intermine/pathquery/main

-init-project:

-pre-pre-init:

-pre-init:

init:

-pre-init-deps:

-init-deps:

-init-compile:

-init-generate:

-pre-generate:

do-generate:

-post-generate:

generate:

-pre-compile:

-init-macrodef-javac:

do-compile-with-gen-src:

do-compile-without-gen-src:

do-compile:

-post-compile:

compile:

-init-jar:

-pre-jar:

-init-presetdef-jar:

do-jar:

-post-jar:

jar:
[integrate] Fri Jan 31 12:04:45 PST 2014
[integrate] Executing "jar" for source "intermine/webservice/client/main"  in directory: /global/u1/j/jcarlson/src/intermine/imbuild/../intermine/webservice/client/main

-init-project:

-pre-pre-init:

-pre-init:

init:

-pre-init-deps:

-init-deps:

-init-compile:

-init-generate:

-pre-generate:

do-generate:

-post-generate:

generate:

-pre-compile:

-init-macrodef-javac:

do-compile-with-gen-src:

do-compile-without-gen-src:

do-compile:

-post-compile:

compile:

-init-jar:

-pre-jar:

-init-presetdef-jar:

do-jar:

-post-jar:

jar:
[integrate] Fri Jan 31 12:04:46 PST 2014
[integrate] Executing "jar" for source "intermine/api/main"  in directory: /global/u1/j/jcarlson/src/intermine/imbuild/../intermine/api/main

-init-project:

-pre-pre-init:

-pre-init:

init:

-pre-init-deps:

-init-deps:

-init-compile:

-init-generate:

-pre-generate:

do-generate:

-post-generate:

generate:

-pre-compile:

-init-macrodef-javac:

do-compile-with-gen-src:

do-compile-without-gen-src:

do-compile:

-post-compile:

compile:

-init-jar:

-pre-jar:

-init-presetdef-jar:

do-jar:

-post-jar:

jar:
[integrate] Fri Jan 31 12:04:46 PST 2014
[integrate] Executing "jar" for source "bio/core/main"  in directory: /global/u1/j/jcarlson/src/intermine/imbuild/../bio/core/main

-init-project:

-pre-pre-init:

-pre-init:

init:

-pre-init-deps:

-init-deps:

-init-compile:

-init-generate:

-pre-generate:

do-generate:

-post-generate:

generate:

-pre-compile:

-init-macrodef-javac:

do-compile-with-gen-src:

do-compile-without-gen-src:

do-compile:

-post-compile:

compile:

-init-jar:

-pre-jar:

-init-presetdef-jar:

do-jar:

-post-jar:

jar:
[integrate] Fri Jan 31 12:04:46 PST 2014
[integrate] Executing "jar" for source "phytomine/dbmodel"  in directory: /global/u1/j/jcarlson/src/intermine/imbuild/../phytomine/dbmodel

-init-project:

-pre-pre-init:

library.-pre-init:

model.-pre-init:

-pre-init:

init:

-pre-init-deps:

-init-deps:

-init-compile:

library.-init-generate:

-pre-define-task-classpath:
   [delete] Deleting directory /global/u1/j/jcarlson/src/intermine/phytomine/dbmodel/build/tmp
    [mkdir] Created dir: /global/u1/j/jcarlson/src/intermine/phytomine/dbmodel/build/tmp

-define-task-classpath:

-check-task-availability:

-load-os-tasks:
     [echo] Loading objectstore tasks
Trying to override old definition of task acceptance-tests
Trying to override old definition of task build-torque
Trying to override old definition of task build-db
Trying to override old definition of task db-insert-model
Trying to override old definition of task analyse-db
Trying to override old definition of task retrieve-metadata
Trying to override old definition of task model-output

-load-int-tasks:
     [echo] Loading integration tasks
Trying to override old definition of task create-indexes
Trying to override old definition of task convert-file
Trying to override old definition of task convert-dir
Trying to override old definition of task convert-db
Trying to override old definition of task precompute-queries
Trying to override old definition of task summarise-objectstore
Trying to override old definition of task drop-precomputed-tables
Trying to override old definition of task insert-xml-data
Trying to override old definition of task model-merger
Trying to override old definition of task convert-fullxml-file
Trying to override old definition of task data-load
Trying to override old definition of task method-call
Trying to override old definition of task postprocessor

-load-web-tasks:

-load-task-taskdefs:

-init-macrodef-build-db:

-init-task-xml:

-init-model-out-of-date:

model.-init-generate:

-init-generate:

-check-for-intermine-properties-file:

-set-release-suffix-not-exists:

-set-release-suffix-exists:

-set-release-suffix:

-init-check-for-intermine-properties-dir:

-check-for-intermine-properties-dir:

-init-check-for-intermine-properties:

-check-for-intermine-properties:

-init-properties:
     [copy] Copying 1 file to /global/u1/j/jcarlson/src/intermine/phytomine/dbmodel/build/main
     [copy] Copying 1 file to /global/u1/j/jcarlson/src/intermine/phytomine/dbmodel/build/main

-pre-generate-retrieve:
     [echo] Retrieving model from os.production...
[integrate] Not writing "genomic_keyDefs.properties" as version in database is identical to local copy
[integrate] Model in database is identical to local model.

-pre-generate-properties:

-pre-generate:

build-model-from-xml-in-build-dir:
     [echo] Found xml file in /global/u1/j/jcarlson/src/intermine/phytomine/dbmodel/build

build-model-from-xml-in-project-dir:

-generate-model-java-message:

-init-macrodef-model-output:

generate-model-java:
     [echo] Generating model java code...

do-generate:

-post-generate:

generate:

-pre-compile:

-init-macrodef-javac:

do-compile-with-gen-src:
    [javac] Compiling 176 source files to /global/u1/j/jcarlson/src/intermine/phytomine/dbmodel/build/classes
[integrate] Note: Some input files use unchecked or unsafe operations.
[integrate] Note: Recompile with -Xlint:unchecked for details.

do-compile-without-gen-src:

do-compile:

-post-compile:

compile:

-init-jar:

-pre-jar:

-init-presetdef-jar:
Trying to override old definition of task http://www.intermine.org/ns/im-lib-proj/1:jar

do-jar:
  [lib:jar] Building jar: /global/u1/j/jcarlson/src/intermine/phytomine/dbmodel/dist/phytomine-dbmodel.jar

-post-jar:

jar:
[integrate] Fri Jan 31 12:04:52 PST 2014
[integrate] Executing "jar" for source "intermine/web/main"  in directory: /global/u1/j/jcarlson/src/intermine/imbuild/../intermine/web/main

-init-project:

-pre-pre-init:

-pre-init:

init:

-pre-init-deps:

-init-deps:

-init-compile:

-init-generate:

-pre-generate:

do-generate:

-post-generate:

generate:

-pre-compile:

-init-macrodef-javac:

do-compile-with-gen-src:

do-compile-without-gen-src:

do-compile:

-post-compile:

compile:

-init-jar:

-pre-jar:

-init-presetdef-jar:

do-jar:

-post-jar:

jar:
[integrate] Fri Jan 31 12:04:53 PST 2014
[integrate] Executing "jar" for source "bio/postprocess/main"  in directory: /global/u1/j/jcarlson/src/intermine/imbuild/../bio/postprocess/main

-init-project:

-pre-pre-init:

-pre-init:

init:

-pre-init-deps:

-init-deps:

-init-compile:

-init-generate:

-pre-generate:

do-generate:

-post-generate:

generate:

-pre-compile:

-init-macrodef-javac:

do-compile-with-gen-src:

do-compile-without-gen-src:

do-compile:

-post-compile:

compile:

-init-jar:

-pre-jar:

-init-presetdef-jar:

do-jar:

-post-jar:

jar:
[integrate] Fri Jan 31 12:04:53 PST 2014
[integrate] Executing "jar" for source "bio/sources/chado-db/main"  in directory: /global/u1/j/jcarlson/src/intermine/imbuild/../bio/sources/chado-db/main

-init-project:

-pre-pre-init:

-pre-init:

init:

-pre-init-deps:

-init-deps:

-init-compile:

-init-generate:

-pre-generate:

do-generate:

-post-generate:

generate:

-pre-compile:

-init-macrodef-javac:

do-compile-with-gen-src:

do-compile-without-gen-src:
   [depend] The class org.intermine.bio.dataconversion.PhytozomeClusterProcessor in file /global/u1/j/jcarlson/src/intermine/bio/sources/chado-db/main/build/classes/org/intermine/bio/dataconversion/PhytozomeClusterProcessor.class is out of date due to org.intermine.bio.dataconversion.PhytozomeClusterProcessor but has not been deleted because its source file could not be determined
   [depend] The class org.intermine.bio.dataconversion.PhytozomeFeaturePropertyProcessor in file /global/u1/j/jcarlson/src/intermine/bio/sources/chado-db/main/build/classes/org/intermine/bio/dataconversion/PhytozomeFeaturePropertyProcessor.class is out of date due to org.intermine.bio.dataconversion.PhytozomeFeaturePropertyProcessor but has not been deleted because its source file could not be determined

do-compile:

-post-compile:

compile:

-init-jar:

-pre-jar:

-init-presetdef-jar:

do-jar:

-post-jar:

jar:

-define-task-classpath:

-check-task-availability:

-load-os-tasks:
     [echo] Loading objectstore tasks
Trying to override old definition of task acceptance-tests
Trying to override old definition of task build-torque
Trying to override old definition of task build-db
Trying to override old definition of task db-insert-model
Trying to override old definition of task analyse-db
Trying to override old definition of task retrieve-metadata
Trying to override old definition of task model-output

-load-int-tasks:
     [echo] Loading integration tasks
Trying to override old definition of task create-indexes
Trying to override old definition of task convert-file
Trying to override old definition of task convert-dir
Trying to override old definition of task convert-db
Trying to override old definition of task precompute-queries
Trying to override old definition of task summarise-objectstore
Trying to override old definition of task drop-precomputed-tables
Trying to override old definition of task insert-xml-data
Trying to override old definition of task model-merger
Trying to override old definition of task convert-fullxml-file
Trying to override old definition of task data-load
Trying to override old definition of task method-call
Trying to override old definition of task postprocessor

-load-web-tasks:

-load-task-taskdefs:

-init-macrodef-build-db:

-init-task-xml:

-init-deps:

-init-flags:

-pre-load:

load:
     [echo] 
     [echo]       Loading phytozome-chado-reload-A.coerulea (chado-db) tgt items into production DB
     [echo]     

BUILD FAILED
/global/u1/j/jcarlson/src/intermine/imbuild/integrate.xml:54: The following error occurred while executing this line:
/global/u1/j/jcarlson/src/intermine/imbuild/source.xml:330: org.intermine.objectstore.ObjectStoreException: Failed to instantiate IntegrationWriter class: org.intermine.dataloader.IntegrationWriterDataTrackingImpl
	at org.intermine.dataloader.IntegrationWriterFactory.getIntegrationWriter(IntegrationWriterFactory.java:75)
	at org.intermine.dataloader.ObjectStoreDataLoaderTask.execute(ObjectStoreDataLoaderTask.java:112)
	at org.apache.tools.ant.UnknownElement.execute(UnknownElement.java:291)
	at sun.reflect.GeneratedMethodAccessor4.invoke(Unknown Source)
	at sun.reflect.DelegatingMethodAccessorImpl.invoke(DelegatingMethodAccessorImpl.java:25)
	at java.lang.reflect.Method.invoke(Method.java:597)
	at org.apache.tools.ant.dispatch.DispatchUtils.execute(DispatchUtils.java:106)
	at org.apache.tools.ant.Task.perform(Task.java:348)
	at org.apache.tools.ant.Target.execute(Target.java:390)
	at org.apache.tools.ant.Target.performTasks(Target.java:411)
	at org.apache.tools.ant.Project.executeSortedTargets(Project.java:1360)
	at org.apache.tools.ant.helper.SingleCheckExecutor.executeTargets(SingleCheckExecutor.java:38)
	at org.apache.tools.ant.Project.executeTargets(Project.java:1212)
	at org.apache.tools.ant.taskdefs.Ant.execute(Ant.java:441)
	at org.intermine.task.Integrate.performAction(Integrate.java:223)
	at org.intermine.task.Integrate.performAction(Integrate.java:136)
	at org.intermine.task.Integrate.execute(Integrate.java:127)
	at org.apache.tools.ant.UnknownElement.execute(UnknownElement.java:291)
	at sun.reflect.GeneratedMethodAccessor4.invoke(Unknown Source)
	at sun.reflect.DelegatingMethodAccessorImpl.invoke(DelegatingMethodAccessorImpl.java:25)
	at java.lang.reflect.Method.invoke(Method.java:597)
	at org.apache.tools.ant.dispatch.DispatchUtils.execute(DispatchUtils.java:106)
	at org.apache.tools.ant.Task.perform(Task.java:348)
	at org.apache.tools.ant.Target.execute(Target.java:390)
	at org.apache.tools.ant.Target.performTasks(Target.java:411)
	at org.apache.tools.ant.Project.executeSortedTargets(Project.java:1360)
	at org.apache.tools.ant.Project.executeTarget(Project.java:1329)
	at org.apache.tools.ant.helper.DefaultExecutor.executeTargets(DefaultExecutor.java:41)
	at org.apache.tools.ant.Project.executeTargets(Project.java:1212)
	at org.apache.tools.ant.Main.runBuild(Main.java:801)
	at org.apache.tools.ant.Main.startAnt(Main.java:218)
	at org.apache.tools.ant.launch.Launcher.run(Launcher.java:280)
	at org.apache.tools.ant.launch.Launcher.main(Launcher.java:109)
Caused by: java.lang.reflect.InvocationTargetException
	at sun.reflect.NativeMethodAccessorImpl.invoke0(Native Method)
	at sun.reflect.NativeMethodAccessorImpl.invoke(NativeMethodAccessorImpl.java:39)
	at sun.reflect.DelegatingMethodAccessorImpl.invoke(DelegatingMethodAccessorImpl.java:25)
	at java.lang.reflect.Method.invoke(Method.java:597)
	at org.intermine.dataloader.IntegrationWriterFactory.getIntegrationWriter(IntegrationWriterFactory.java:65)
	... 32 more
Caused by: java.lang.IllegalArgumentException: Problem instantiating IntegrationWriterDataTrackingImpl integration.production
	at org.intermine.dataloader.IntegrationWriterDataTrackingImpl.getInstance(IntegrationWriterDataTrackingImpl.java:145)
	at org.intermine.dataloader.IntegrationWriterDataTrackingImpl.getInstance(IntegrationWriterDataTrackingImpl.java:80)
	... 37 more
Caused by: java.lang.reflect.InvocationTargetException
	at sun.reflect.NativeConstructorAccessorImpl.newInstance0(Native Method)
	at sun.reflect.NativeConstructorAccessorImpl.newInstance(NativeConstructorAccessorImpl.java:39)
	at sun.reflect.DelegatingConstructorAccessorImpl.newInstance(DelegatingConstructorAccessorImpl.java:27)
	at java.lang.reflect.Constructor.newInstance(Constructor.java:513)
	at org.intermine.dataloader.IntegrationWriterDataTrackingImpl.getInstance(IntegrationWriterDataTrackingImpl.java:143)
	... 38 more
Caused by: java.lang.IllegalArgumentException: Bad entry in priorities file: Chromosome.primaryidentifier - Chromosome does not have a field primaryidentifier
	at org.intermine.dataloader.PriorityConfig.<init>(PriorityConfig.java:114)
	at org.intermine.dataloader.IntegrationWriterDataTrackingImpl.<init>(IntegrationWriterDataTrackingImpl.java:179)
	... 43 more

Total time: 18 minutes 22 seconds
